<?xml version="1.0" encoding="UTF-8"?>
<!-- Generated by org.testng.reporters.JUnitReportReporter -->
<testsuite hostname="DESKTOP-635BP1H" failures="0" tests="1" name="rahulshettyacademy.tests.ErrorValidations" time="6.790" errors="0" timestamp="2024-09-09T18:43:14 IST" skipped="0">
  <testcase classname="rahulshettyacademy.tests.ErrorValidations" name="submitOrder" time="6.790"/>
</testsuite> <!-- rahulshettyacademy.tests.ErrorValidations -->
