<?xml version="1.0" encoding="UTF-8"?>
<!-- Generated by org.testng.reporters.JUnitReportReporter -->
<testsuite hostname="DESKTOP-635BP1H" failures="0" tests="1" name="cucumber.TestNGTestRunner" time="16.680" errors="0" timestamp="2024-09-18T21:51:53 IST" skipped="0">
  <testcase classname="cucumber.TestNGTestRunner" name="runScenario" time="16.680"/>
</testsuite> <!-- cucumber.TestNGTestRunner -->
