<?xml version="1.0" encoding="UTF-8"?>
<!-- Generated by org.testng.reporters.JUnitReportReporter -->
<testsuite hostname="DESKTOP-635BP1H" failures="0" tests="2" name="rahulshettyacademy.tests.ErrorValidationsTest" time="8.954" errors="0" timestamp="2024-09-17T18:16:14 IST" skipped="0">
  <testcase classname="rahulshettyacademy.tests.ErrorValidationsTest" name="productErrorValidation" time="5.888"/>
  <testcase classname="rahulshettyacademy.tests.ErrorValidationsTest" name="LoginErrorValidation" time="3.066"/>
</testsuite> <!-- rahulshettyacademy.tests.ErrorValidationsTest -->
